<?xml version="1.0" encoding="UTF-8"?>
<testsuite name="com.charmingk.board.web.dto.HelloResponseDtoTest" tests="1" skipped="0" failures="0" errors="0" timestamp="2021-05-29T07:18:18" hostname="developerui-MacBookPro.local" time="0.097">
  <properties/>
  <testcase name="롬복_기능_테스트" classname="com.charmingk.board.web.dto.HelloResponseDtoTest" time="0.097"/>
  <system-out><![CDATA[]]></system-out>
  <system-err><![CDATA[]]></system-err>
</testsuite>
