<?xml version="1.0" encoding="UTF-8"?>
<testsuite name="com.charmingk.board.web.ProfileControllerUnitTest" tests="3" skipped="0" failures="0" errors="0" timestamp="2021-05-31T05:10:36" hostname="developerui-MacBookPro.local" time="0.194">
  <properties/>
  <testcase name="real_profile이_없으면_첫_번째가_조회된다" classname="com.charmingk.board.web.ProfileControllerUnitTest" time="0.191"/>
  <testcase name="active_profile이_없으면_default가_조회된다" classname="com.charmingk.board.web.ProfileControllerUnitTest" time="0.0"/>
  <testcase name="real_profile이_조회된다" classname="com.charmingk.board.web.ProfileControllerUnitTest" time="0.001"/>
  <system-out><![CDATA[14:10:36.443 [Test worker] DEBUG org.springframework.mock.env.MockEnvironment - Activating profile 'oauth'
14:10:36.448 [Test worker] DEBUG org.springframework.mock.env.MockEnvironment - Activating profile 'real-db'
14:10:36.521 [Test worker] DEBUG org.springframework.mock.env.MockEnvironment - Activating profile 'real'
14:10:36.521 [Test worker] DEBUG org.springframework.mock.env.MockEnvironment - Activating profile 'oauth'
14:10:36.521 [Test worker] DEBUG org.springframework.mock.env.MockEnvironment - Activating profile 'real-db'
]]></system-out>
  <system-err><![CDATA[]]></system-err>
</testsuite>
