<?xml version="1.0" encoding="UTF-8"?>
<testsuite name="com.charmingk.board.web.IndexControllerTest" tests="1" skipped="0" failures="0" errors="0" timestamp="2021-05-21T13:40:29" hostname="developerui-MacBookPro.local" time="0.237">
  <properties/>
  <testcase name="메인페이지_로딩" classname="com.charmingk.board.web.IndexControllerTest" time="0.237"/>
  <system-out><![CDATA[2021-05-21 22:40:24.264  INFO 2874 --- [    Test worker] .b.t.c.SpringBootTestContextBootstrapper : Neither @ContextConfiguration nor @ContextHierarchy found for test class [com.charmingk.board.web.IndexControllerTest], using SpringBootContextLoader
2021-05-21 22:40:24.266  INFO 2874 --- [    Test worker] o.s.t.c.support.AbstractContextLoader    : Could not detect default resource locations for test class [com.charmingk.board.web.IndexControllerTest]: no resource found for suffixes {-context.xml, Context.groovy}.
2021-05-21 22:40:24.266  INFO 2874 --- [    Test worker] t.c.s.AnnotationConfigContextLoaderUtils : Could not detect default configuration classes for test class [com.charmingk.board.web.IndexControllerTest]: IndexControllerTest does not declare any static, non-private, non-final, nested classes annotated with @Configuration.
2021-05-21 22:40:24.269  INFO 2874 --- [    Test worker] .b.t.c.SpringBootTestContextBootstrapper : Found @SpringBootConfiguration com.charmingk.board.Application for test class com.charmingk.board.web.IndexControllerTest
2021-05-21 22:40:24.271  INFO 2874 --- [    Test worker] .b.t.c.SpringBootTestContextBootstrapper : Loaded default TestExecutionListener class names from location [META-INF/spring.factories]: [org.springframework.security.test.context.support.WithSecurityContextTestExecutionListener, org.springframework.security.test.context.support.ReactorContextTestExecutionListener, org.springframework.boot.test.autoconfigure.restdocs.RestDocsTestExecutionListener, org.springframework.boot.test.autoconfigure.web.client.MockRestServiceServerResetTestExecutionListener, org.springframework.boot.test.autoconfigure.web.servlet.MockMvcPrintOnlyOnFailureTestExecutionListener, org.springframework.boot.test.autoconfigure.web.servlet.WebDriverTestExecutionListener, org.springframework.boot.test.mock.mockito.MockitoTestExecutionListener, org.springframework.boot.test.mock.mockito.ResetMocksTestExecutionListener, org.springframework.test.context.web.ServletTestExecutionListener, org.springframework.test.context.support.DirtiesContextBeforeModesTestExecutionListener, org.springframework.test.context.support.DependencyInjectionTestExecutionListener, org.springframework.test.context.support.DirtiesContextTestExecutionListener, org.springframework.test.context.transaction.TransactionalTestExecutionListener, org.springframework.test.context.jdbc.SqlScriptsTestExecutionListener]
2021-05-21 22:40:24.272  INFO 2874 --- [    Test worker] .b.t.c.SpringBootTestContextBootstrapper : Using TestExecutionListeners: [org.springframework.test.context.web.ServletTestExecutionListener@48f29f4c, org.springframework.test.context.support.DirtiesContextBeforeModesTestExecutionListener@1762cd98, org.springframework.boot.test.mock.mockito.MockitoTestExecutionListener@646f52fa, org.springframework.boot.test.autoconfigure.SpringBootDependencyInjectionTestExecutionListener@2179d96a, org.springframework.test.context.support.DirtiesContextTestExecutionListener@7dad3af6, org.springframework.test.context.transaction.TransactionalTestExecutionListener@7ca236d6, org.springframework.test.context.jdbc.SqlScriptsTestExecutionListener@6244433a, org.springframework.security.test.context.support.WithSecurityContextTestExecutionListener@d997491, org.springframework.security.test.context.support.ReactorContextTestExecutionListener@19f7855e, org.springframework.boot.test.autoconfigure.restdocs.RestDocsTestExecutionListener@748e1430, org.springframework.boot.test.autoconfigure.web.client.MockRestServiceServerResetTestExecutionListener@3493d408, org.springframework.boot.test.autoconfigure.web.servlet.MockMvcPrintOnlyOnFailureTestExecutionListener@726813f7, org.springframework.boot.test.autoconfigure.web.servlet.WebDriverTestExecutionListener@5710a591, org.springframework.boot.test.mock.mockito.ResetMocksTestExecutionListener@533b14d7]

  .   ____          _            __ _ _
 /\\ / ___'_ __ _ _(_)_ __  __ _ \ \ \ \
( ( )\___ | '_ | '_| | '_ \/ _` | \ \ \ \
 \\/  ___)| |_)| | | | | || (_| |  ) ) ) )
  '  |____| .__|_| |_|_| |_\__, | / / / /
 =========|_|==============|___/=/_/_/_/
 :: Spring Boot ::        (v2.1.7.RELEASE)

2021-05-21 22:40:24.323  INFO 2874 --- [    Test worker] c.c.board.web.IndexControllerTest        : Starting IndexControllerTest on developerui-MacBookPro.local with PID 2874 (started by developer in /Users/developer/code/charmingk-board)
2021-05-21 22:40:24.324  INFO 2874 --- [    Test worker] c.c.board.web.IndexControllerTest        : No active profile set, falling back to default profiles: default
2021-05-21 22:40:24.767  INFO 2874 --- [    Test worker] .s.d.r.c.RepositoryConfigurationDelegate : Bootstrapping Spring Data repositories in DEFAULT mode.
2021-05-21 22:40:24.849  INFO 2874 --- [    Test worker] .s.d.r.c.RepositoryConfigurationDelegate : Finished Spring Data repository scanning in 72ms. Found 2 repository interfaces.
2021-05-21 22:40:25.171  INFO 2874 --- [    Test worker] trationDelegate$BeanPostProcessorChecker : Bean 'org.springframework.transaction.annotation.ProxyTransactionManagementConfiguration' of type [org.springframework.transaction.annotation.ProxyTransactionManagementConfiguration$$EnhancerBySpringCGLIB$$cb467a8e] is not eligible for getting processed by all BeanPostProcessors (for example: not eligible for auto-proxying)
2021-05-21 22:40:25.506  INFO 2874 --- [    Test worker] o.s.b.w.embedded.tomcat.TomcatWebServer  : Tomcat initialized with port(s): 0 (http)
2021-05-21 22:40:25.551  INFO 2874 --- [    Test worker] o.apache.catalina.core.StandardService   : Starting service [Tomcat]
2021-05-21 22:40:25.551  INFO 2874 --- [    Test worker] org.apache.catalina.core.StandardEngine  : Starting Servlet engine: [Apache Tomcat/9.0.22]
2021-05-21 22:40:25.741  INFO 2874 --- [    Test worker] o.a.c.c.C.[Tomcat].[localhost].[/]       : Initializing Spring embedded WebApplicationContext
2021-05-21 22:40:25.742  INFO 2874 --- [    Test worker] o.s.web.context.ContextLoader            : Root WebApplicationContext: initialization completed in 1415 ms
2021-05-21 22:40:26.122  INFO 2874 --- [    Test worker] com.zaxxer.hikari.HikariDataSource       : HikariPool-1 - Starting...
2021-05-21 22:40:26.410  INFO 2874 --- [    Test worker] com.zaxxer.hikari.HikariDataSource       : HikariPool-1 - Start completed.
2021-05-21 22:40:26.574  INFO 2874 --- [    Test worker] o.hibernate.jpa.internal.util.LogHelper  : HHH000204: Processing PersistenceUnitInfo [
	name: default
	...]
2021-05-21 22:40:26.659  INFO 2874 --- [    Test worker] org.hibernate.Version                    : HHH000412: Hibernate Core {5.3.10.Final}
2021-05-21 22:40:26.661  INFO 2874 --- [    Test worker] org.hibernate.cfg.Environment            : HHH000206: hibernate.properties not found
2021-05-21 22:40:26.731  INFO 2874 --- [    Test worker] o.hibernate.annotations.common.Version   : HCANN000001: Hibernate Commons Annotations {5.0.4.Final}
2021-05-21 22:40:26.905  INFO 2874 --- [    Test worker] org.hibernate.dialect.Dialect            : HHH000400: Using dialect: org.hibernate.dialect.MySQL5InnoDBDialect
Hibernate: drop table if exists posts
Hibernate: drop table if exists user
Hibernate: create table posts (id bigint not null auto_increment, created_date datetime, modified_date datetime, author varchar(255), content TEXT not null, title varchar(500) not null, primary key (id)) engine=InnoDB
Hibernate: create table user (id bigint not null auto_increment, created_date datetime, modified_date datetime, email varchar(255) not null, name varchar(255) not null, picture varchar(255), role varchar(255) not null, primary key (id)) engine=InnoDB
2021-05-21 22:40:27.618  INFO 2874 --- [    Test worker] o.h.t.schema.internal.SchemaCreatorImpl  : HHH000476: Executing import script 'org.hibernate.tool.schema.internal.exec.ScriptSourceInputNonExistentImpl@765b8591'
2021-05-21 22:40:27.623  INFO 2874 --- [    Test worker] j.LocalContainerEntityManagerFactoryBean : Initialized JPA EntityManagerFactory for persistence unit 'default'
2021-05-21 22:40:28.523  INFO 2874 --- [    Test worker] o.h.h.i.QueryTranslatorFactoryInitiator  : HHH000397: Using ASTQueryTranslatorFactory
2021-05-21 22:40:28.853  INFO 2874 --- [    Test worker] o.s.s.web.DefaultSecurityFilterChain     : Creating filter chain: any request, [org.springframework.security.web.context.request.async.WebAsyncManagerIntegrationFilter@6f013f88, org.springframework.security.web.context.SecurityContextPersistenceFilter@264decb6, org.springframework.security.web.header.HeaderWriterFilter@30fb139, org.springframework.security.web.authentication.logout.LogoutFilter@2dc4f2af, org.springframework.security.oauth2.client.web.OAuth2AuthorizationRequestRedirectFilter@12a7fbfc, org.springframework.security.oauth2.client.web.OAuth2LoginAuthenticationFilter@671cb39e, org.springframework.security.web.authentication.ui.DefaultLoginPageGeneratingFilter@64258ac1, org.springframework.security.web.authentication.ui.DefaultLogoutPageGeneratingFilter@612cf811, org.springframework.security.web.savedrequest.RequestCacheAwareFilter@6351fcef, org.springframework.security.web.servletapi.SecurityContextHolderAwareRequestFilter@1d291fc5, org.springframework.security.web.authentication.AnonymousAuthenticationFilter@672049ec, org.springframework.security.web.session.SessionManagementFilter@6eff342, org.springframework.security.web.access.ExceptionTranslationFilter@7cf735cd, org.springframework.security.web.access.intercept.FilterSecurityInterceptor@681f2b06]
2021-05-21 22:40:29.043  INFO 2874 --- [    Test worker] o.s.s.concurrent.ThreadPoolTaskExecutor  : Initializing ExecutorService 'applicationTaskExecutor'
2021-05-21 22:40:29.065  WARN 2874 --- [    Test worker] aWebConfiguration$JpaWebMvcConfiguration : spring.jpa.open-in-view is enabled by default. Therefore, database queries may be performed during view rendering. Explicitly configure spring.jpa.open-in-view to disable this warning
2021-05-21 22:40:29.103  INFO 2874 --- [    Test worker] o.s.b.a.w.s.WelcomePageHandlerMapping    : Adding welcome page template: index
2021-05-21 22:40:29.487  INFO 2874 --- [    Test worker] s.a.ScheduledAnnotationBeanPostProcessor : No TaskScheduler/ScheduledExecutorService bean found for scheduled processing
2021-05-21 22:40:29.519  INFO 2874 --- [    Test worker] o.s.b.w.embedded.tomcat.TomcatWebServer  : Tomcat started on port(s): 51143 (http) with context path ''
2021-05-21 22:40:29.521  INFO 2874 --- [    Test worker] c.c.board.web.IndexControllerTest        : Started IndexControllerTest in 5.246 seconds (JVM running for 10.406)
2021-05-21 22:40:29.639  INFO 2874 --- [o-auto-1-exec-1] o.a.c.c.C.[Tomcat].[localhost].[/]       : Initializing Spring DispatcherServlet 'dispatcherServlet'
2021-05-21 22:40:29.639  INFO 2874 --- [o-auto-1-exec-1] o.s.web.servlet.DispatcherServlet        : Initializing Servlet 'dispatcherServlet'
2021-05-21 22:40:29.658  INFO 2874 --- [o-auto-1-exec-1] o.s.web.servlet.DispatcherServlet        : Completed initialization in 19 ms
Hibernate: select posts0_.id as id1_0_, posts0_.created_date as created_2_0_, posts0_.modified_date as modified3_0_, posts0_.author as author4_0_, posts0_.content as content5_0_, posts0_.title as title6_0_ from posts posts0_ order by posts0_.id DESC
]]></system-out>
  <system-err><![CDATA[]]></system-err>
</testsuite>
