<?xml version="1.0" encoding="UTF-8"?>
<testsuite name="com.charmingk.board.web.PostsApiControllerTest" tests="3" skipped="0" failures="0" errors="0" timestamp="2021-05-21T13:40:29" hostname="developerui-MacBookPro.local" time="0.315">
  <properties/>
  <testcase name="BaseTimeEntity_등록" classname="com.charmingk.board.web.PostsApiControllerTest" time="0.169"/>
  <testcase name="Posts_등록된다" classname="com.charmingk.board.web.PostsApiControllerTest" time="0.085"/>
  <testcase name="Posts_수정된다" classname="com.charmingk.board.web.PostsApiControllerTest" time="0.056"/>
  <system-out><![CDATA[2021-05-21 22:40:29.775  INFO 2874 --- [    Test worker] .b.t.c.SpringBootTestContextBootstrapper : Neither @ContextConfiguration nor @ContextHierarchy found for test class [com.charmingk.board.web.PostsApiControllerTest], using SpringBootContextLoader
2021-05-21 22:40:29.778  INFO 2874 --- [    Test worker] o.s.t.c.support.AbstractContextLoader    : Could not detect default resource locations for test class [com.charmingk.board.web.PostsApiControllerTest]: no resource found for suffixes {-context.xml, Context.groovy}.
2021-05-21 22:40:29.778  INFO 2874 --- [    Test worker] t.c.s.AnnotationConfigContextLoaderUtils : Could not detect default configuration classes for test class [com.charmingk.board.web.PostsApiControllerTest]: PostsApiControllerTest does not declare any static, non-private, non-final, nested classes annotated with @Configuration.
2021-05-21 22:40:29.780  INFO 2874 --- [    Test worker] .b.t.c.SpringBootTestContextBootstrapper : Found @SpringBootConfiguration com.charmingk.board.Application for test class com.charmingk.board.web.PostsApiControllerTest
2021-05-21 22:40:29.782  INFO 2874 --- [    Test worker] .b.t.c.SpringBootTestContextBootstrapper : Loaded default TestExecutionListener class names from location [META-INF/spring.factories]: [org.springframework.security.test.context.support.WithSecurityContextTestExecutionListener, org.springframework.security.test.context.support.ReactorContextTestExecutionListener, org.springframework.boot.test.autoconfigure.restdocs.RestDocsTestExecutionListener, org.springframework.boot.test.autoconfigure.web.client.MockRestServiceServerResetTestExecutionListener, org.springframework.boot.test.autoconfigure.web.servlet.MockMvcPrintOnlyOnFailureTestExecutionListener, org.springframework.boot.test.autoconfigure.web.servlet.WebDriverTestExecutionListener, org.springframework.boot.test.mock.mockito.MockitoTestExecutionListener, org.springframework.boot.test.mock.mockito.ResetMocksTestExecutionListener, org.springframework.test.context.web.ServletTestExecutionListener, org.springframework.test.context.support.DirtiesContextBeforeModesTestExecutionListener, org.springframework.test.context.support.DependencyInjectionTestExecutionListener, org.springframework.test.context.support.DirtiesContextTestExecutionListener, org.springframework.test.context.transaction.TransactionalTestExecutionListener, org.springframework.test.context.jdbc.SqlScriptsTestExecutionListener]
2021-05-21 22:40:29.785  INFO 2874 --- [    Test worker] .b.t.c.SpringBootTestContextBootstrapper : Using TestExecutionListeners: [org.springframework.test.context.web.ServletTestExecutionListener@74d5835, org.springframework.test.context.support.DirtiesContextBeforeModesTestExecutionListener@eb1e66b, org.springframework.boot.test.mock.mockito.MockitoTestExecutionListener@dd95ce4, org.springframework.boot.test.autoconfigure.SpringBootDependencyInjectionTestExecutionListener@6c4cce94, org.springframework.test.context.support.DirtiesContextTestExecutionListener@1adafd8, org.springframework.test.context.transaction.TransactionalTestExecutionListener@2e8338, org.springframework.test.context.jdbc.SqlScriptsTestExecutionListener@4757d1a5, org.springframework.security.test.context.support.WithSecurityContextTestExecutionListener@4de59fb5, org.springframework.security.test.context.support.ReactorContextTestExecutionListener@21da2abe, org.springframework.boot.test.autoconfigure.restdocs.RestDocsTestExecutionListener@55194afe, org.springframework.boot.test.autoconfigure.web.client.MockRestServiceServerResetTestExecutionListener@2cba6301, org.springframework.boot.test.autoconfigure.web.servlet.MockMvcPrintOnlyOnFailureTestExecutionListener@4dc34914, org.springframework.boot.test.autoconfigure.web.servlet.WebDriverTestExecutionListener@3d3c15c8, org.springframework.boot.test.mock.mockito.ResetMocksTestExecutionListener@22ede62b]
2021-05-21 22:40:29.796  INFO 2874 --- [    Test worker] o.a.c.c.C.[Tomcat].[localhost].[/]       : Initializing Spring TestDispatcherServlet ''
2021-05-21 22:40:29.797  INFO 2874 --- [    Test worker] o.s.t.web.servlet.TestDispatcherServlet  : Initializing Servlet ''
2021-05-21 22:40:29.801  INFO 2874 --- [    Test worker] o.s.t.web.servlet.TestDispatcherServlet  : Completed initialization in 4 ms
Hibernate: insert into posts (created_date, modified_date, author, content, title) values (?, ?, ?, ?, ?)
Hibernate: select posts0_.id as id1_0_, posts0_.created_date as created_2_0_, posts0_.modified_date as modified3_0_, posts0_.author as author4_0_, posts0_.content as content5_0_, posts0_.title as title6_0_ from posts posts0_
>>>>>>>>>> createdDate=2021-05-21T22:40:29.861584, modifiedDate=2021-05-21T22:40:29.861584
Hibernate: select posts0_.id as id1_0_, posts0_.created_date as created_2_0_, posts0_.modified_date as modified3_0_, posts0_.author as author4_0_, posts0_.content as content5_0_, posts0_.title as title6_0_ from posts posts0_
Hibernate: delete from posts where id=?
2021-05-21 22:40:29.967  INFO 2874 --- [    Test worker] o.a.c.c.C.[Tomcat].[localhost].[/]       : Initializing Spring TestDispatcherServlet ''
2021-05-21 22:40:29.967  INFO 2874 --- [    Test worker] o.s.t.web.servlet.TestDispatcherServlet  : Initializing Servlet ''
2021-05-21 22:40:29.971  INFO 2874 --- [    Test worker] o.s.t.web.servlet.TestDispatcherServlet  : Completed initialization in 4 ms
Hibernate: insert into posts (created_date, modified_date, author, content, title) values (?, ?, ?, ?, ?)
Hibernate: select posts0_.id as id1_0_, posts0_.created_date as created_2_0_, posts0_.modified_date as modified3_0_, posts0_.author as author4_0_, posts0_.content as content5_0_, posts0_.title as title6_0_ from posts posts0_
Hibernate: select posts0_.id as id1_0_, posts0_.created_date as created_2_0_, posts0_.modified_date as modified3_0_, posts0_.author as author4_0_, posts0_.content as content5_0_, posts0_.title as title6_0_ from posts posts0_
Hibernate: delete from posts where id=?
2021-05-21 22:40:30.055  INFO 2874 --- [    Test worker] o.a.c.c.C.[Tomcat].[localhost].[/]       : Initializing Spring TestDispatcherServlet ''
2021-05-21 22:40:30.055  INFO 2874 --- [    Test worker] o.s.t.web.servlet.TestDispatcherServlet  : Initializing Servlet ''
2021-05-21 22:40:30.060  INFO 2874 --- [    Test worker] o.s.t.web.servlet.TestDispatcherServlet  : Completed initialization in 5 ms
Hibernate: insert into posts (created_date, modified_date, author, content, title) values (?, ?, ?, ?, ?)
Hibernate: select posts0_.id as id1_0_0_, posts0_.created_date as created_2_0_0_, posts0_.modified_date as modified3_0_0_, posts0_.author as author4_0_0_, posts0_.content as content5_0_0_, posts0_.title as title6_0_0_ from posts posts0_ where posts0_.id=?
Hibernate: update posts set created_date=?, modified_date=?, author=?, content=?, title=? where id=?
Hibernate: select posts0_.id as id1_0_, posts0_.created_date as created_2_0_, posts0_.modified_date as modified3_0_, posts0_.author as author4_0_, posts0_.content as content5_0_, posts0_.title as title6_0_ from posts posts0_
Hibernate: select posts0_.id as id1_0_, posts0_.created_date as created_2_0_, posts0_.modified_date as modified3_0_, posts0_.author as author4_0_, posts0_.content as content5_0_, posts0_.title as title6_0_ from posts posts0_
Hibernate: delete from posts where id=?
]]></system-out>
  <system-err><![CDATA[]]></system-err>
</testsuite>
