<?xml version="1.0" encoding="UTF-8"?>
<testsuite name="com.charmingk.board.domain.posts.PostsRepositoryTest" tests="1" skipped="0" failures="0" errors="0" timestamp="2021-05-29T07:18:32" hostname="developerui-MacBookPro.local" time="0.04">
  <properties/>
  <testcase name="게시글저장_불러오기" classname="com.charmingk.board.domain.posts.PostsRepositoryTest" time="0.04"/>
  <system-out><![CDATA[2021-05-29 16:18:29.867  INFO 2031 --- [    Test worker] .b.t.c.SpringBootTestContextBootstrapper : Neither @ContextConfiguration nor @ContextHierarchy found for test class [com.charmingk.board.domain.posts.PostsRepositoryTest], using SpringBootContextLoader
2021-05-29 16:18:29.868  INFO 2031 --- [    Test worker] o.s.t.c.support.AbstractContextLoader    : Could not detect default resource locations for test class [com.charmingk.board.domain.posts.PostsRepositoryTest]: no resource found for suffixes {-context.xml, Context.groovy}.
2021-05-29 16:18:29.870  INFO 2031 --- [    Test worker] t.c.s.AnnotationConfigContextLoaderUtils : Could not detect default configuration classes for test class [com.charmingk.board.domain.posts.PostsRepositoryTest]: PostsRepositoryTest does not declare any static, non-private, non-final, nested classes annotated with @Configuration.
2021-05-29 16:18:29.918  INFO 2031 --- [    Test worker] .b.t.c.SpringBootTestContextBootstrapper : Found @SpringBootConfiguration com.charmingk.board.Application for test class com.charmingk.board.domain.posts.PostsRepositoryTest
2021-05-29 16:18:29.920  INFO 2031 --- [    Test worker] .b.t.c.SpringBootTestContextBootstrapper : Loaded default TestExecutionListener class names from location [META-INF/spring.factories]: [org.springframework.security.test.context.support.WithSecurityContextTestExecutionListener, org.springframework.security.test.context.support.ReactorContextTestExecutionListener, org.springframework.boot.test.autoconfigure.restdocs.RestDocsTestExecutionListener, org.springframework.boot.test.autoconfigure.web.client.MockRestServiceServerResetTestExecutionListener, org.springframework.boot.test.autoconfigure.web.servlet.MockMvcPrintOnlyOnFailureTestExecutionListener, org.springframework.boot.test.autoconfigure.web.servlet.WebDriverTestExecutionListener, org.springframework.boot.test.mock.mockito.MockitoTestExecutionListener, org.springframework.boot.test.mock.mockito.ResetMocksTestExecutionListener, org.springframework.test.context.web.ServletTestExecutionListener, org.springframework.test.context.support.DirtiesContextBeforeModesTestExecutionListener, org.springframework.test.context.support.DependencyInjectionTestExecutionListener, org.springframework.test.context.support.DirtiesContextTestExecutionListener, org.springframework.test.context.transaction.TransactionalTestExecutionListener, org.springframework.test.context.jdbc.SqlScriptsTestExecutionListener]
2021-05-29 16:18:29.921  INFO 2031 --- [    Test worker] .b.t.c.SpringBootTestContextBootstrapper : Using TestExecutionListeners: [org.springframework.test.context.web.ServletTestExecutionListener@6f2bb273, org.springframework.test.context.support.DirtiesContextBeforeModesTestExecutionListener@54cbdff8, org.springframework.boot.test.mock.mockito.MockitoTestExecutionListener@7c1a1c54, org.springframework.boot.test.autoconfigure.SpringBootDependencyInjectionTestExecutionListener@1c6af9c2, org.springframework.test.context.support.DirtiesContextTestExecutionListener@2ee06816, org.springframework.test.context.transaction.TransactionalTestExecutionListener@245e462d, org.springframework.test.context.jdbc.SqlScriptsTestExecutionListener@88a164e, org.springframework.security.test.context.support.WithSecurityContextTestExecutionListener@43654a74, org.springframework.security.test.context.support.ReactorContextTestExecutionListener@6ee82ad6, org.springframework.boot.test.autoconfigure.restdocs.RestDocsTestExecutionListener@38d17608, org.springframework.boot.test.autoconfigure.web.client.MockRestServiceServerResetTestExecutionListener@60313f3a, org.springframework.boot.test.autoconfigure.web.servlet.MockMvcPrintOnlyOnFailureTestExecutionListener@9eeefa2, org.springframework.boot.test.autoconfigure.web.servlet.WebDriverTestExecutionListener@26ffdad3, org.springframework.boot.test.mock.mockito.ResetMocksTestExecutionListener@15ad8932]

  .   ____          _            __ _ _
 /\\ / ___'_ __ _ _(_)_ __  __ _ \ \ \ \
( ( )\___ | '_ | '_| | '_ \/ _` | \ \ \ \
 \\/  ___)| |_)| | | | | || (_| |  ) ) ) )
  '  |____| .__|_| |_|_| |_\__, | / / / /
 =========|_|==============|___/=/_/_/_/
 :: Spring Boot ::        (v2.1.7.RELEASE)

2021-05-29 16:18:29.958  INFO 2031 --- [    Test worker] c.c.b.domain.posts.PostsRepositoryTest   : Starting PostsRepositoryTest on developerui-MacBookPro.local with PID 2031 (started by developer in /Users/developer/code/charmingk-board)
2021-05-29 16:18:29.961  INFO 2031 --- [    Test worker] c.c.b.domain.posts.PostsRepositoryTest   : No active profile set, falling back to default profiles: default
2021-05-29 16:18:30.237  INFO 2031 --- [    Test worker] .s.d.r.c.RepositoryConfigurationDelegate : Bootstrapping Spring Data repositories in DEFAULT mode.
2021-05-29 16:18:30.252  INFO 2031 --- [    Test worker] .s.d.r.c.RepositoryConfigurationDelegate : Finished Spring Data repository scanning in 15ms. Found 2 repository interfaces.
2021-05-29 16:18:30.375  INFO 2031 --- [    Test worker] trationDelegate$BeanPostProcessorChecker : Bean 'org.springframework.transaction.annotation.ProxyTransactionManagementConfiguration' of type [org.springframework.transaction.annotation.ProxyTransactionManagementConfiguration$$EnhancerBySpringCGLIB$$13ab33e1] is not eligible for getting processed by all BeanPostProcessors (for example: not eligible for auto-proxying)
2021-05-29 16:18:30.455  INFO 2031 --- [    Test worker] com.zaxxer.hikari.HikariDataSource       : HikariPool-2 - Starting...
2021-05-29 16:18:30.457  INFO 2031 --- [    Test worker] com.zaxxer.hikari.HikariDataSource       : HikariPool-2 - Start completed.
2021-05-29 16:18:30.481  INFO 2031 --- [    Test worker] o.hibernate.jpa.internal.util.LogHelper  : HHH000204: Processing PersistenceUnitInfo [
	name: default
	...]
2021-05-29 16:18:30.490  INFO 2031 --- [    Test worker] org.hibernate.dialect.Dialect            : HHH000400: Using dialect: org.hibernate.dialect.MySQL5InnoDBDialect
Hibernate: drop table if exists posts
Hibernate: drop table if exists user
Hibernate: create table posts (id bigint not null auto_increment, created_date datetime, modified_date datetime, author varchar(255), content TEXT not null, title varchar(500) not null, primary key (id)) engine=InnoDB
Hibernate: create table user (id bigint not null auto_increment, created_date datetime, modified_date datetime, email varchar(255) not null, name varchar(255) not null, picture varchar(255), role varchar(255) not null, primary key (id)) engine=InnoDB
2021-05-29 16:18:30.546  INFO 2031 --- [    Test worker] o.h.t.schema.internal.SchemaCreatorImpl  : HHH000476: Executing import script 'org.hibernate.tool.schema.internal.exec.ScriptSourceInputNonExistentImpl@1492cab2'
2021-05-29 16:18:30.546  INFO 2031 --- [    Test worker] j.LocalContainerEntityManagerFactoryBean : Initialized JPA EntityManagerFactory for persistence unit 'default'
2021-05-29 16:18:30.868  INFO 2031 --- [    Test worker] o.h.h.i.QueryTranslatorFactoryInitiator  : HHH000397: Using ASTQueryTranslatorFactory
2021-05-29 16:18:31.150  INFO 2031 --- [    Test worker] o.s.s.web.DefaultSecurityFilterChain     : Creating filter chain: any request, [org.springframework.security.web.context.request.async.WebAsyncManagerIntegrationFilter@7d6e0013, org.springframework.security.web.context.SecurityContextPersistenceFilter@43a928f3, org.springframework.security.web.header.HeaderWriterFilter@1ccce45b, org.springframework.security.web.authentication.logout.LogoutFilter@1d3b8e05, org.springframework.security.oauth2.client.web.OAuth2AuthorizationRequestRedirectFilter@60f7f367, org.springframework.security.oauth2.client.web.OAuth2LoginAuthenticationFilter@3cd3e1b4, org.springframework.security.web.authentication.ui.DefaultLoginPageGeneratingFilter@17dfc2bd, org.springframework.security.web.authentication.ui.DefaultLogoutPageGeneratingFilter@52d39edb, org.springframework.security.web.savedrequest.RequestCacheAwareFilter@705f760d, org.springframework.security.web.servletapi.SecurityContextHolderAwareRequestFilter@b4aba61, org.springframework.security.web.authentication.AnonymousAuthenticationFilter@d60232d, org.springframework.security.web.session.SessionManagementFilter@66cf58c5, org.springframework.security.web.access.ExceptionTranslationFilter@7dd9d398, org.springframework.security.web.access.intercept.FilterSecurityInterceptor@6289a376]
2021-05-29 16:18:31.561  INFO 2031 --- [    Test worker] o.s.s.concurrent.ThreadPoolTaskExecutor  : Initializing ExecutorService 'applicationTaskExecutor'
2021-05-29 16:18:31.594  WARN 2031 --- [    Test worker] aWebConfiguration$JpaWebMvcConfiguration : spring.jpa.open-in-view is enabled by default. Therefore, database queries may be performed during view rendering. Explicitly configure spring.jpa.open-in-view to disable this warning
2021-05-29 16:18:31.665  INFO 2031 --- [    Test worker] o.s.b.a.w.s.WelcomePageHandlerMapping    : Adding welcome page template: index
2021-05-29 16:18:32.448  INFO 2031 --- [    Test worker] s.a.ScheduledAnnotationBeanPostProcessor : No TaskScheduler/ScheduledExecutorService bean found for scheduled processing
2021-05-29 16:18:32.451  INFO 2031 --- [    Test worker] c.c.b.domain.posts.PostsRepositoryTest   : Started PostsRepositoryTest in 2.527 seconds (JVM running for 15.129)
Hibernate: insert into posts (created_date, modified_date, author, content, title) values (?, ?, ?, ?, ?)
Hibernate: select posts0_.id as id1_0_, posts0_.created_date as created_2_0_, posts0_.modified_date as modified3_0_, posts0_.author as author4_0_, posts0_.content as content5_0_, posts0_.title as title6_0_ from posts posts0_
Hibernate: select posts0_.id as id1_0_, posts0_.created_date as created_2_0_, posts0_.modified_date as modified3_0_, posts0_.author as author4_0_, posts0_.content as content5_0_, posts0_.title as title6_0_ from posts posts0_
Hibernate: delete from posts where id=?
]]></system-out>
  <system-err><![CDATA[]]></system-err>
</testsuite>
