<?xml version="1.0" encoding="UTF-8"?>
<testsuite name="com.charmingk.board.web.HelloControllerTest" tests="2" skipped="0" failures="0" errors="0" timestamp="2021-05-29T07:18:22" hostname="developerui-MacBookPro.local" time="0.706">
  <properties/>
  <testcase name="hello가_리턴된다" classname="com.charmingk.board.web.HelloControllerTest" time="0.581"/>
  <testcase name="helloDto가_리턴된다" classname="com.charmingk.board.web.HelloControllerTest" time="0.123"/>
  <system-out><![CDATA[16:18:18.381 [Test worker] DEBUG org.springframework.test.context.junit4.SpringJUnit4ClassRunner - SpringJUnit4ClassRunner constructor called with [class com.charmingk.board.web.HelloControllerTest]
16:18:18.389 [Test worker] DEBUG org.springframework.test.context.BootstrapUtils - Instantiating CacheAwareContextLoaderDelegate from class [org.springframework.test.context.cache.DefaultCacheAwareContextLoaderDelegate]
16:18:18.405 [Test worker] DEBUG org.springframework.test.context.BootstrapUtils - Instantiating BootstrapContext using constructor [public org.springframework.test.context.support.DefaultBootstrapContext(java.lang.Class,org.springframework.test.context.CacheAwareContextLoaderDelegate)]
16:18:18.437 [Test worker] DEBUG org.springframework.test.context.BootstrapUtils - Instantiating TestContextBootstrapper for test class [com.charmingk.board.web.HelloControllerTest] from class [org.springframework.boot.test.autoconfigure.web.servlet.WebMvcTestContextBootstrapper]
16:18:18.476 [Test worker] INFO org.springframework.boot.test.autoconfigure.web.servlet.WebMvcTestContextBootstrapper - Neither @ContextConfiguration nor @ContextHierarchy found for test class [com.charmingk.board.web.HelloControllerTest], using SpringBootContextLoader
16:18:18.483 [Test worker] DEBUG org.springframework.test.context.support.AbstractContextLoader - Did not detect default resource location for test class [com.charmingk.board.web.HelloControllerTest]: class path resource [com/charmingk/board/web/HelloControllerTest-context.xml] does not exist
16:18:18.484 [Test worker] DEBUG org.springframework.test.context.support.AbstractContextLoader - Did not detect default resource location for test class [com.charmingk.board.web.HelloControllerTest]: class path resource [com/charmingk/board/web/HelloControllerTestContext.groovy] does not exist
16:18:18.485 [Test worker] INFO org.springframework.test.context.support.AbstractContextLoader - Could not detect default resource locations for test class [com.charmingk.board.web.HelloControllerTest]: no resource found for suffixes {-context.xml, Context.groovy}.
16:18:18.488 [Test worker] INFO org.springframework.test.context.support.AnnotationConfigContextLoaderUtils - Could not detect default configuration classes for test class [com.charmingk.board.web.HelloControllerTest]: HelloControllerTest does not declare any static, non-private, non-final, nested classes annotated with @Configuration.
16:18:18.636 [Test worker] DEBUG org.springframework.test.context.support.ActiveProfilesUtils - Could not find an 'annotation declaring class' for annotation type [org.springframework.test.context.ActiveProfiles] and class [com.charmingk.board.web.HelloControllerTest]
16:18:18.743 [Test worker] DEBUG org.springframework.context.annotation.ClassPathScanningCandidateComponentProvider - Identified candidate component class: file [/Users/developer/code/charmingk-board/build/classes/java/main/com/charmingk/board/Application.class]
16:18:18.745 [Test worker] INFO org.springframework.boot.test.context.SpringBootTestContextBootstrapper - Found @SpringBootConfiguration com.charmingk.board.Application for test class com.charmingk.board.web.HelloControllerTest
16:18:18.748 [Test worker] DEBUG org.springframework.boot.test.autoconfigure.web.servlet.WebMvcTestContextBootstrapper - @TestExecutionListeners is not present for class [com.charmingk.board.web.HelloControllerTest]: using defaults.
16:18:18.749 [Test worker] INFO org.springframework.boot.test.autoconfigure.web.servlet.WebMvcTestContextBootstrapper - Loaded default TestExecutionListener class names from location [META-INF/spring.factories]: [org.springframework.security.test.context.support.WithSecurityContextTestExecutionListener, org.springframework.security.test.context.support.ReactorContextTestExecutionListener, org.springframework.boot.test.autoconfigure.restdocs.RestDocsTestExecutionListener, org.springframework.boot.test.autoconfigure.web.client.MockRestServiceServerResetTestExecutionListener, org.springframework.boot.test.autoconfigure.web.servlet.MockMvcPrintOnlyOnFailureTestExecutionListener, org.springframework.boot.test.autoconfigure.web.servlet.WebDriverTestExecutionListener, org.springframework.boot.test.mock.mockito.MockitoTestExecutionListener, org.springframework.boot.test.mock.mockito.ResetMocksTestExecutionListener, org.springframework.test.context.web.ServletTestExecutionListener, org.springframework.test.context.support.DirtiesContextBeforeModesTestExecutionListener, org.springframework.test.context.support.DependencyInjectionTestExecutionListener, org.springframework.test.context.support.DirtiesContextTestExecutionListener, org.springframework.test.context.transaction.TransactionalTestExecutionListener, org.springframework.test.context.jdbc.SqlScriptsTestExecutionListener]
16:18:18.784 [Test worker] INFO org.springframework.boot.test.autoconfigure.web.servlet.WebMvcTestContextBootstrapper - Using TestExecutionListeners: [org.springframework.test.context.web.ServletTestExecutionListener@667adca2, org.springframework.test.context.support.DirtiesContextBeforeModesTestExecutionListener@71e19c2f, org.springframework.boot.test.mock.mockito.MockitoTestExecutionListener@58c98f8c, org.springframework.boot.test.autoconfigure.SpringBootDependencyInjectionTestExecutionListener@5a547e5f, org.springframework.test.context.support.DirtiesContextTestExecutionListener@6a7b267b, org.springframework.test.context.transaction.TransactionalTestExecutionListener@1786dfff, org.springframework.test.context.jdbc.SqlScriptsTestExecutionListener@3a7876c, org.springframework.security.test.context.support.WithSecurityContextTestExecutionListener@7af8b7c1, org.springframework.security.test.context.support.ReactorContextTestExecutionListener@49830e1b, org.springframework.boot.test.autoconfigure.restdocs.RestDocsTestExecutionListener@68db59f3, org.springframework.boot.test.autoconfigure.web.client.MockRestServiceServerResetTestExecutionListener@57f82f63, org.springframework.boot.test.autoconfigure.web.servlet.MockMvcPrintOnlyOnFailureTestExecutionListener@6801cce2, org.springframework.boot.test.autoconfigure.web.servlet.WebDriverTestExecutionListener@39a3e42f, org.springframework.boot.test.mock.mockito.ResetMocksTestExecutionListener@b053629]
16:18:18.788 [Test worker] DEBUG org.springframework.test.annotation.ProfileValueUtils - Retrieved @ProfileValueSourceConfiguration [null] for test class [com.charmingk.board.web.HelloControllerTest]
16:18:18.789 [Test worker] DEBUG org.springframework.test.annotation.ProfileValueUtils - Retrieved ProfileValueSource type [class org.springframework.test.annotation.SystemProfileValueSource] for class [com.charmingk.board.web.HelloControllerTest]
16:18:18.789 [Test worker] DEBUG org.springframework.test.annotation.ProfileValueUtils - Retrieved @ProfileValueSourceConfiguration [null] for test class [com.charmingk.board.web.HelloControllerTest]
16:18:18.790 [Test worker] DEBUG org.springframework.test.annotation.ProfileValueUtils - Retrieved ProfileValueSource type [class org.springframework.test.annotation.SystemProfileValueSource] for class [com.charmingk.board.web.HelloControllerTest]
16:18:18.796 [Test worker] DEBUG org.springframework.test.context.support.AbstractDirtiesContextTestExecutionListener - Before test class: context [DefaultTestContext@43a6a9d1 testClass = HelloControllerTest, testInstance = [null], testMethod = [null], testException = [null], mergedContextConfiguration = [WebMergedContextConfiguration@4c41025e testClass = HelloControllerTest, locations = '{}', classes = '{class com.charmingk.board.Application}', contextInitializerClasses = '[]', activeProfiles = '{}', propertySourceLocations = '{}', propertySourceProperties = '{org.springframework.boot.test.autoconfigure.web.servlet.WebMvcTestContextBootstrapper=true}', contextCustomizers = set[org.springframework.boot.test.autoconfigure.OverrideAutoConfigurationContextCustomizerFactory$DisableAutoConfigurationContextCustomizer@71a00234, org.springframework.boot.test.autoconfigure.filter.TypeExcludeFiltersContextCustomizer@b206c949, org.springframework.boot.test.autoconfigure.properties.PropertyMappingContextCustomizer@f0a8112e, org.springframework.boot.test.autoconfigure.web.servlet.WebDriverContextCustomizerFactory$Customizer@87a1342, [ImportsContextCustomizer@7ca76182 key = [org.springframework.boot.autoconfigure.cache.CacheAutoConfiguration, org.springframework.boot.autoconfigure.context.MessageSourceAutoConfiguration, org.springframework.boot.autoconfigure.data.web.SpringDataWebAutoConfiguration, org.springframework.boot.autoconfigure.freemarker.FreeMarkerAutoConfiguration, org.springframework.boot.autoconfigure.groovy.template.GroovyTemplateAutoConfiguration, org.springframework.boot.autoconfigure.gson.GsonAutoConfiguration, org.springframework.boot.autoconfigure.hateoas.HypermediaAutoConfiguration, org.springframework.boot.autoconfigure.http.HttpMessageConvertersAutoConfiguration, org.springframework.boot.autoconfigure.jackson.JacksonAutoConfiguration, org.springframework.boot.autoconfigure.jsonb.JsonbAutoConfiguration, org.springframework.boot.autoconfigure.mustache.MustacheAutoConfiguration, org.springframework.boot.autoconfigure.task.TaskExecutionAutoConfiguration, org.springframework.boot.autoconfigure.thymeleaf.ThymeleafAutoConfiguration, org.springframework.boot.autoconfigure.validation.ValidationAutoConfiguration, org.springframework.boot.autoconfigure.web.servlet.error.ErrorMvcAutoConfiguration, org.springframework.boot.autoconfigure.web.servlet.WebMvcAutoConfiguration, org.springframework.boot.test.autoconfigure.web.servlet.MockMvcAutoConfiguration, org.springframework.boot.test.autoconfigure.web.servlet.MockMvcSecurityAutoConfiguration, org.springframework.boot.test.autoconfigure.web.servlet.MockMvcWebClientAutoConfiguration, org.springframework.boot.test.autoconfigure.web.servlet.MockMvcWebDriverAutoConfiguration]], org.springframework.boot.test.context.filter.ExcludeFilterContextCustomizer@584e293b, org.springframework.boot.test.json.DuplicateJsonObjectContextCustomizerFactory$DuplicateJsonObjectContextCustomizer@37667605, org.springframework.boot.test.mock.mockito.MockitoContextCustomizer@0], resourceBasePath = 'src/main/webapp', contextLoader = 'org.springframework.boot.test.context.SpringBootContextLoader', parent = [null]], attributes = map[[empty]]], class annotated with @DirtiesContext [false] with mode [null].
16:18:18.798 [Test worker] DEBUG org.springframework.test.annotation.ProfileValueUtils - Retrieved @ProfileValueSourceConfiguration [null] for test class [com.charmingk.board.web.HelloControllerTest]
16:18:18.798 [Test worker] DEBUG org.springframework.test.annotation.ProfileValueUtils - Retrieved ProfileValueSource type [class org.springframework.test.annotation.SystemProfileValueSource] for class [com.charmingk.board.web.HelloControllerTest]
16:18:18.808 [Test worker] DEBUG org.springframework.test.context.support.DependencyInjectionTestExecutionListener - Performing dependency injection for test context [[DefaultTestContext@43a6a9d1 testClass = HelloControllerTest, testInstance = com.charmingk.board.web.HelloControllerTest@3e2dbfda, testMethod = [null], testException = [null], mergedContextConfiguration = [WebMergedContextConfiguration@4c41025e testClass = HelloControllerTest, locations = '{}', classes = '{class com.charmingk.board.Application}', contextInitializerClasses = '[]', activeProfiles = '{}', propertySourceLocations = '{}', propertySourceProperties = '{org.springframework.boot.test.autoconfigure.web.servlet.WebMvcTestContextBootstrapper=true}', contextCustomizers = set[org.springframework.boot.test.autoconfigure.OverrideAutoConfigurationContextCustomizerFactory$DisableAutoConfigurationContextCustomizer@71a00234, org.springframework.boot.test.autoconfigure.filter.TypeExcludeFiltersContextCustomizer@b206c949, org.springframework.boot.test.autoconfigure.properties.PropertyMappingContextCustomizer@f0a8112e, org.springframework.boot.test.autoconfigure.web.servlet.WebDriverContextCustomizerFactory$Customizer@87a1342, [ImportsContextCustomizer@7ca76182 key = [org.springframework.boot.autoconfigure.cache.CacheAutoConfiguration, org.springframework.boot.autoconfigure.context.MessageSourceAutoConfiguration, org.springframework.boot.autoconfigure.data.web.SpringDataWebAutoConfiguration, org.springframework.boot.autoconfigure.freemarker.FreeMarkerAutoConfiguration, org.springframework.boot.autoconfigure.groovy.template.GroovyTemplateAutoConfiguration, org.springframework.boot.autoconfigure.gson.GsonAutoConfiguration, org.springframework.boot.autoconfigure.hateoas.HypermediaAutoConfiguration, org.springframework.boot.autoconfigure.http.HttpMessageConvertersAutoConfiguration, org.springframework.boot.autoconfigure.jackson.JacksonAutoConfiguration, org.springframework.boot.autoconfigure.jsonb.JsonbAutoConfiguration, org.springframework.boot.autoconfigure.mustache.MustacheAutoConfiguration, org.springframework.boot.autoconfigure.task.TaskExecutionAutoConfiguration, org.springframework.boot.autoconfigure.thymeleaf.ThymeleafAutoConfiguration, org.springframework.boot.autoconfigure.validation.ValidationAutoConfiguration, org.springframework.boot.autoconfigure.web.servlet.error.ErrorMvcAutoConfiguration, org.springframework.boot.autoconfigure.web.servlet.WebMvcAutoConfiguration, org.springframework.boot.test.autoconfigure.web.servlet.MockMvcAutoConfiguration, org.springframework.boot.test.autoconfigure.web.servlet.MockMvcSecurityAutoConfiguration, org.springframework.boot.test.autoconfigure.web.servlet.MockMvcWebClientAutoConfiguration, org.springframework.boot.test.autoconfigure.web.servlet.MockMvcWebDriverAutoConfiguration]], org.springframework.boot.test.context.filter.ExcludeFilterContextCustomizer@584e293b, org.springframework.boot.test.json.DuplicateJsonObjectContextCustomizerFactory$DuplicateJsonObjectContextCustomizer@37667605, org.springframework.boot.test.mock.mockito.MockitoContextCustomizer@0], resourceBasePath = 'src/main/webapp', contextLoader = 'org.springframework.boot.test.context.SpringBootContextLoader', parent = [null]], attributes = map[[empty]]]].
16:18:18.973 [Test worker] DEBUG org.springframework.test.context.support.TestPropertySourceUtils - Adding inlined properties to environment: {spring.jmx.enabled=false, org.springframework.boot.test.autoconfigure.web.servlet.WebMvcTestContextBootstrapper=true, server.port=-1}

  .   ____          _            __ _ _
 /\\ / ___'_ __ _ _(_)_ __  __ _ \ \ \ \
( ( )\___ | '_ | '_| | '_ \/ _` | \ \ \ \
 \\/  ___)| |_)| | | | | || (_| |  ) ) ) )
  '  |____| .__|_| |_|_| |_\__, | / / / /
 =========|_|==============|___/=/_/_/_/
 :: Spring Boot ::        (v2.1.7.RELEASE)

2021-05-29 16:18:19.729  INFO 2031 --- [    Test worker] c.c.board.web.HelloControllerTest        : Starting HelloControllerTest on developerui-MacBookPro.local with PID 2031 (started by developer in /Users/developer/code/charmingk-board)
2021-05-29 16:18:19.733  INFO 2031 --- [    Test worker] c.c.board.web.HelloControllerTest        : No active profile set, falling back to default profiles: default
2021-05-29 16:18:21.533  INFO 2031 --- [    Test worker] o.s.s.concurrent.ThreadPoolTaskExecutor  : Initializing ExecutorService 'applicationTaskExecutor'
2021-05-29 16:18:21.694  INFO 2031 --- [    Test worker] o.s.b.a.w.s.WelcomePageHandlerMapping    : Adding welcome page template: index
2021-05-29 16:18:22.022  INFO 2031 --- [    Test worker] .s.s.UserDetailsServiceAutoConfiguration : 

Using generated security password: 9605fca5-fe8e-414a-acc3-f0ab68f3c6a2

2021-05-29 16:18:22.234  INFO 2031 --- [    Test worker] o.s.s.web.DefaultSecurityFilterChain     : Creating filter chain: any request, [org.springframework.security.web.context.request.async.WebAsyncManagerIntegrationFilter@5b8a23b4, org.springframework.security.web.context.SecurityContextPersistenceFilter@1fe71baf, org.springframework.security.web.header.HeaderWriterFilter@435f60c8, org.springframework.security.web.csrf.CsrfFilter@58e38e9e, org.springframework.security.web.authentication.logout.LogoutFilter@7023ce0c, org.springframework.security.web.authentication.UsernamePasswordAuthenticationFilter@62d8d62e, org.springframework.security.web.authentication.ui.DefaultLoginPageGeneratingFilter@77000773, org.springframework.security.web.authentication.ui.DefaultLogoutPageGeneratingFilter@4ae0e5f0, org.springframework.security.web.authentication.www.BasicAuthenticationFilter@7635a04c, org.springframework.security.web.savedrequest.RequestCacheAwareFilter@14d5ec9a, org.springframework.security.web.servletapi.SecurityContextHolderAwareRequestFilter@bf4112e, org.springframework.security.web.authentication.AnonymousAuthenticationFilter@670a0f06, org.springframework.security.web.session.SessionManagementFilter@6f6a4a66, org.springframework.security.web.access.ExceptionTranslationFilter@2699634c, org.springframework.security.web.access.intercept.FilterSecurityInterceptor@2d3a2b3c]
2021-05-29 16:18:22.292  INFO 2031 --- [    Test worker] o.s.b.t.m.w.SpringBootMockServletContext : Initializing Spring TestDispatcherServlet ''
2021-05-29 16:18:22.292  INFO 2031 --- [    Test worker] o.s.t.web.servlet.TestDispatcherServlet  : Initializing Servlet ''
2021-05-29 16:18:22.311  INFO 2031 --- [    Test worker] o.s.t.web.servlet.TestDispatcherServlet  : Completed initialization in 18 ms
2021-05-29 16:18:22.384  INFO 2031 --- [    Test worker] c.c.board.web.HelloControllerTest        : Started HelloControllerTest in 3.392 seconds (JVM running for 5.062)
]]></system-out>
  <system-err><![CDATA[]]></system-err>
</testsuite>
